<?xml version="1.0" encoding="UTF-8"?>
<!-- Generated by org.testng.reporters.JUnitReportReporter -->
<testsuite hostname="HP" failures="0" tests="3" name="org.login.Login" time="10.504" errors="0" timestamp="01 Jul 2024 17:32:28 GMT" skipped="0">
  <testcase classname="org.login.Login" name="loginClick" time="2.720"/>
  <testcase classname="org.login.Login" name="loginFillDetails" time="6.181"/>
  <testcase classname="org.login.Login" name="takeSnap" time="1.603"/>
</testsuite> <!-- org.login.Login -->
