<?xml version="1.0" encoding="UTF-8"?>
<!-- Generated by org.testng.reporters.JUnitReportReporter -->
<testsuite hostname="HP" failures="0" tests="3" name="org.login.LoginUsingExcel" time="10.642" errors="0" timestamp="02 Jul 2024 06:02:26 GMT" skipped="0">
  <testcase classname="org.login.LoginUsingExcel" name="loginClick" time="1.075"/>
  <testcase classname="org.login.LoginUsingExcel" name="loginFillDetails" time="7.704"/>
  <testcase classname="org.login.LoginUsingExcel" name="takeSnap" time="1.863"/>
</testsuite> <!-- org.login.LoginUsingExcel -->
