<?xml version="1.0" encoding="UTF-8"?>
<!-- Generated by org.testng.reporters.JUnitReportReporter -->
<testsuite hostname="HP" failures="0" tests="4" name="org.test.ng.CuraHealthcareProject" time="9.809" errors="0" timestamp="02 Jul 2024 06:00:26 GMT" skipped="0">
  <testcase classname="org.test.ng.CuraHealthcareProject" name="page1" time="1.672"/>
  <testcase classname="org.test.ng.CuraHealthcareProject" name="page2" time="2.416"/>
  <testcase classname="org.test.ng.CuraHealthcareProject" name="page3" time="2.828"/>
  <testcase classname="org.test.ng.CuraHealthcareProject" name="page4" time="2.893"/>
</testsuite> <!-- org.test.ng.CuraHealthcareProject -->
